<?xml version="1.0" encoding="UTF-8"?>
<testng-results ignored="0" total="1" passed="1" failed="0" skipped="0">
  <reporter-output>
    <line>
      <![CDATA[BM]]>
    </line>
    <line>
      <![CDATA[AM]]>
    </line>
    <line>
      <![CDATA[sharana]]>
    </line>
  </reporter-output>
  <suite started-at="2025-01-05T10:58:38 IST" name="Default suite" finished-at="2025-01-05T10:58:38 IST" duration-ms="183">
    <groups>
    </groups>
    <test started-at="2025-01-05T10:58:38 IST" name="Default test" finished-at="2025-01-05T10:58:38 IST" duration-ms="183">
      <class name="Day29.Demo1">
        <test-method is-config="true" signature="test()[pri:0, instance:Day29.Demo1@6c6cb480]" started-at="2025-01-05T10:58:38 IST" name="test" finished-at="2025-01-05T10:58:38 IST" duration-ms="20" status="PASS">
          <reporter-output>
            <line>
              <![CDATA[BM]]>
            </line>
          </reporter-output>
        </test-method> <!-- test -->
        <test-method is-config="true" signature="test2()[pri:0, instance:Day29.Demo1@6c6cb480]" started-at="2025-01-05T10:58:38 IST" name="test2" finished-at="2025-01-05T10:58:38 IST" duration-ms="1" status="PASS">
          <reporter-output>
            <line>
              <![CDATA[AM]]>
            </line>
          </reporter-output>
        </test-method> <!-- test2 -->
        <test-method signature="testA()[pri:0, instance:Day29.Demo1@6c6cb480]" started-at="2025-01-05T10:58:38 IST" name="testA" finished-at="2025-01-05T10:58:38 IST" duration-ms="15" status="PASS">
          <reporter-output>
            <line>
              <![CDATA[sharana]]>
            </line>
          </reporter-output>
        </test-method> <!-- testA -->
      </class> <!-- Day29.Demo1 -->
    </test> <!-- Default test -->
  </suite> <!-- Default suite -->
</testng-results>
